2013/10/20 17:20:56 [error] [exception.CException] exception 'CException' with message 'Property "DebitRepayRecord.borrowerId" is not defined.' in E:\shifenbianming\thor\framework\base\CComponent.php:131
Stack trace:
#0 E:\shifenbianming\thor\framework\db\ar\CActiveRecord.php(144): CComponent->__get('borrowerId')
#1 E:\shifenbianming\thor\protected\modules\boss\views\debit\_productList.php(19): CActiveRecord->__get('borrowerId')
#2 E:\shifenbianming\thor\framework\web\CBaseController.php(131): require('E:\shifenbianmi...')
#3 E:\shifenbianming\thor\framework\web\CBaseController.php(96): CBaseController->renderInternal('E:\shifenbianmi...', Array, false)
#4 E:\shifenbianming\thor\framework\zii\widgets\CListView.php(260): CBaseController->renderFile('E:\shifenbianmi...', Array)
#5 E:\shifenbianming\thor\framework\zii\widgets\CBaseListView.php(161): CListView->renderItems()
#6 [internal function]: CBaseListView->renderSection(Array)
#7 E:\shifenbianming\thor\framework\zii\widgets\CBaseListView.php(144): preg_replace_callback('/{(\w+)}/', Array, '{items}<div cla...')
#8 E:\shifenbianming\thor\framework\zii\widgets\CBaseListView.php(129): CBaseListView->renderContent()
#9 E:\shifenbianming\thor\framework\web\CBaseController.php(174): CBaseListView->run()
#10 E:\shifenbianming\thor\protected\modules\boss\views\debit\_ajaxListView.php(24): CBaseController->widget('zii.widgets.CLi...', Array)
#11 E:\shifenbianming\thor\framework\web\CBaseController.php(127): require('E:\shifenbianmi...')
#12 E:\shifenbianming\thor\framework\web\CBaseController.php(96): CBaseController->renderInternal('E:\shifenbianmi...', Array, true)
#13 E:\shifenbianming\thor\framework\web\CController.php(870): CBaseController->renderFile('E:\shifenbianmi...', Array, true)
#14 E:\shifenbianming\thor\protected\modules\boss\views\debit\repayList.php(100): CController->renderPartial('_ajaxListView', Array)
#15 E:\shifenbianming\thor\framework\web\CBaseController.php(127): require('E:\shifenbianmi...')
#16 E:\shifenbianming\thor\framework\web\CBaseController.php(96): CBaseController->renderInternal('E:\shifenbianmi...', Array, true)
#17 E:\shifenbianming\thor\framework\web\CController.php(870): CBaseController->renderFile('E:\shifenbianmi...', Array, true)
#18 E:\shifenbianming\thor\framework\web\CController.php(783): CController->renderPartial('repayList', Array, true)
#19 E:\shifenbianming\thor\protected\modules\boss\controllers\DebitController.php(173): CController->render('repayList', Array)
#20 E:\shifenbianming\thor\framework\web\actions\CInlineAction.php(50): DebitController->actionRepayList()
#21 E:\shifenbianming\thor\framework\web\CController.php(309): CInlineAction->runWithParams(Array)
#22 E:\shifenbianming\thor\framework\web\CController.php(287): CController->runAction(Object(CInlineAction))
#23 E:\shifenbianming\thor\framework\web\CController.php(266): CController->runActionWithFilters(Object(CInlineAction), Array)
#24 E:\shifenbianming\thor\framework\web\CWebApplication.php(283): CController->run('repayList')
#25 E:\shifenbianming\thor\framework\web\CWebApplication.php(142): CWebApplication->runController('boss/debit/repa...')
#26 E:\shifenbianming\thor\framework\base\CApplication.php(162): CWebApplication->processRequest()
#27 E:\shifenbianming\thor\index.php(33): CApplication->run()
#28 {main}
REQUEST_URI=/debit/repayList?dateBegin=2013-09-01&dateEnd=2013-11-30&searchCondition=&search=%E6%9F%A5%E8%AF%A2
HTTP_REFERER=http://boss.thor.com/debit/repayList
---
2013/10/20 17:20:57 [error] [exception.CException] exception 'CException' with message 'Property "DebitRepayRecord.borrowerId" is not defined.' in E:\shifenbianming\thor\framework\base\CComponent.php:131
Stack trace:
#0 E:\shifenbianming\thor\framework\db\ar\CActiveRecord.php(144): CComponent->__get('borrowerId')
#1 E:\shifenbianming\thor\protected\modules\boss\views\debit\_productList.php(19): CActiveRecord->__get('borrowerId')
#2 E:\shifenbianming\thor\framework\web\CBaseController.php(131): require('E:\shifenbianmi...')
#3 E:\shifenbianming\thor\framework\web\CBaseController.php(96): CBaseController->renderInternal('E:\shifenbianmi...', Array, false)
#4 E:\shifenbianming\thor\framework\zii\widgets\CListView.php(260): CBaseController->renderFile('E:\shifenbianmi...', Array)
#5 E:\shifenbianming\thor\framework\zii\widgets\CBaseListView.php(161): CListView->renderItems()
#6 [internal function]: CBaseListView->renderSection(Array)
#7 E:\shifenbianming\thor\framework\zii\widgets\CBaseListView.php(144): preg_replace_callback('/{(\w+)}/', Array, '{items}<div cla...')
#8 E:\shifenbianming\thor\framework\zii\widgets\CBaseListView.php(129): CBaseListView->renderContent()
#9 E:\shifenbianming\thor\framework\web\CBaseController.php(174): CBaseListView->run()
#10 E:\shifenbianming\thor\protected\modules\boss\views\debit\_ajaxListView.php(24): CBaseController->widget('zii.widgets.CLi...', Array)
#11 E:\shifenbianming\thor\framework\web\CBaseController.php(127): require('E:\shifenbianmi...')
#12 E:\shifenbianming\thor\framework\web\CBaseController.php(96): CBaseController->renderInternal('E:\shifenbianmi...', Array, true)
#13 E:\shifenbianming\thor\framework\web\CController.php(870): CBaseController->renderFile('E:\shifenbianmi...', Array, true)
#14 E:\shifenbianming\thor\protected\modules\boss\views\debit\repayList.php(100): CController->renderPartial('_ajaxListView', Array)
#15 E:\shifenbianming\thor\framework\web\CBaseController.php(127): require('E:\shifenbianmi...')
#16 E:\shifenbianming\thor\framework\web\CBaseController.php(96): CBaseController->renderInternal('E:\shifenbianmi...', Array, true)
#17 E:\shifenbianming\thor\framework\web\CController.php(870): CBaseController->renderFile('E:\shifenbianmi...', Array, true)
#18 E:\shifenbianming\thor\framework\web\CController.php(783): CController->renderPartial('repayList', Array, true)
#19 E:\shifenbianming\thor\protected\modules\boss\controllers\DebitController.php(173): CController->render('repayList', Array)
#20 E:\shifenbianming\thor\framework\web\actions\CInlineAction.php(50): DebitController->actionRepayList()
#21 E:\shifenbianming\thor\framework\web\CController.php(309): CInlineAction->runWithParams(Array)
#22 E:\shifenbianming\thor\framework\web\CController.php(287): CController->runAction(Object(CInlineAction))
#23 E:\shifenbianming\thor\framework\web\CController.php(266): CController->runActionWithFilters(Object(CInlineAction), Array)
#24 E:\shifenbianming\thor\framework\web\CWebApplication.php(283): CController->run('repayList')
#25 E:\shifenbianming\thor\framework\web\CWebApplication.php(142): CWebApplication->runController('boss/debit/repa...')
#26 E:\shifenbianming\thor\framework\base\CApplication.php(162): CWebApplication->processRequest()
#27 E:\shifenbianming\thor\index.php(33): CApplication->run()
#28 {main}
REQUEST_URI=/debit/repayList?dateBegin=2013-09-01&dateEnd=2013-11-30&searchCondition=&search=%E6%9F%A5%E8%AF%A2
HTTP_REFERER=http://boss.thor.com/debit/repayList
---
2013/10/20 17:22:47 [error] [exception.CException] exception 'CException' with message 'Property "DebitRepayRecord.borrowerId" is not defined.' in E:\shifenbianming\thor\framework\base\CComponent.php:131
Stack trace:
#0 E:\shifenbianming\thor\framework\db\ar\CActiveRecord.php(144): CComponent->__get('borrowerId')
#1 E:\shifenbianming\thor\protected\modules\boss\views\debit\_productList.php(19): CActiveRecord->__get('borrowerId')
#2 E:\shifenbianming\thor\framework\web\CBaseController.php(131): require('E:\shifenbianmi...')
#3 E:\shifenbianming\thor\framework\web\CBaseController.php(96): CBaseController->renderInternal('E:\shifenbianmi...', Array, false)
#4 E:\shifenbianming\thor\framework\zii\widgets\CListView.php(260): CBaseController->renderFile('E:\shifenbianmi...', Array)
#5 E:\shifenbianming\thor\framework\zii\widgets\CBaseListView.php(161): CListView->renderItems()
#6 [internal function]: CBaseListView->renderSection(Array)
#7 E:\shifenbianming\thor\framework\zii\widgets\CBaseListView.php(144): preg_replace_callback('/{(\w+)}/', Array, '{items}<div cla...')
#8 E:\shifenbianming\thor\framework\zii\widgets\CBaseListView.php(129): CBaseListView->renderContent()
#9 E:\shifenbianming\thor\framework\web\CBaseController.php(174): CBaseListView->run()
#10 E:\shifenbianming\thor\protected\modules\boss\views\debit\_ajaxListView.php(24): CBaseController->widget('zii.widgets.CLi...', Array)
#11 E:\shifenbianming\thor\framework\web\CBaseController.php(127): require('E:\shifenbianmi...')
#12 E:\shifenbianming\thor\framework\web\CBaseController.php(96): CBaseController->renderInternal('E:\shifenbianmi...', Array, true)
#13 E:\shifenbianming\thor\framework\web\CController.php(870): CBaseController->renderFile('E:\shifenbianmi...', Array, true)
#14 E:\shifenbianming\thor\protected\modules\boss\views\debit\repayList.php(100): CController->renderPartial('_ajaxListView', Array)
#15 E:\shifenbianming\thor\framework\web\CBaseController.php(127): require('E:\shifenbianmi...')
#16 E:\shifenbianming\thor\framework\web\CBaseController.php(96): CBaseController->renderInternal('E:\shifenbianmi...', Array, true)
#17 E:\shifenbianming\thor\framework\web\CController.php(870): CBaseController->renderFile('E:\shifenbianmi...', Array, true)
#18 E:\shifenbianming\thor\framework\web\CController.php(783): CController->renderPartial('repayList', Array, true)
#19 E:\shifenbianming\thor\protected\modules\boss\controllers\DebitController.php(173): CController->render('repayList', Array)
#20 E:\shifenbianming\thor\framework\web\actions\CInlineAction.php(50): DebitController->actionRepayList()
#21 E:\shifenbianming\thor\framework\web\CController.php(309): CInlineAction->runWithParams(Array)
#22 E:\shifenbianming\thor\framework\web\CController.php(287): CController->runAction(Object(CInlineAction))
#23 E:\shifenbianming\thor\framework\web\CController.php(266): CController->runActionWithFilters(Object(CInlineAction), Array)
#24 E:\shifenbianming\thor\framework\web\CWebApplication.php(283): CController->run('repayList')
#25 E:\shifenbianming\thor\framework\web\CWebApplication.php(142): CWebApplication->runController('boss/debit/repa...')
#26 E:\shifenbianming\thor\framework\base\CApplication.php(162): CWebApplication->processRequest()
#27 E:\shifenbianming\thor\index.php(33): CApplication->run()
#28 {main}
REQUEST_URI=/debit/repayList?dateBegin=2013-09-01&dateEnd=2013-11-30&searchCondition=&search=%E6%9F%A5%E8%AF%A2
HTTP_REFERER=http://boss.thor.com/debit/repayList
---
2013/10/20 17:23:59 [error] [exception.CException] exception 'CException' with message 'Property "DebitRepayRecord.borrowerId" is not defined.' in E:\shifenbianming\thor\framework\base\CComponent.php:131
Stack trace:
#0 E:\shifenbianming\thor\framework\db\ar\CActiveRecord.php(144): CComponent->__get('borrowerId')
#1 E:\shifenbianming\thor\protected\modules\boss\views\debit\_productList.php(19): CActiveRecord->__get('borrowerId')
#2 E:\shifenbianming\thor\framework\web\CBaseController.php(131): require('E:\shifenbianmi...')
#3 E:\shifenbianming\thor\framework\web\CBaseController.php(96): CBaseController->renderInternal('E:\shifenbianmi...', Array, false)
#4 E:\shifenbianming\thor\framework\zii\widgets\CListView.php(260): CBaseController->renderFile('E:\shifenbianmi...', Array)
#5 E:\shifenbianming\thor\framework\zii\widgets\CBaseListView.php(161): CListView->renderItems()
#6 [internal function]: CBaseListView->renderSection(Array)
#7 E:\shifenbianming\thor\framework\zii\widgets\CBaseListView.php(144): preg_replace_callback('/{(\w+)}/', Array, '{items}<div cla...')
#8 E:\shifenbianming\thor\framework\zii\widgets\CBaseListView.php(129): CBaseListView->renderContent()
#9 E:\shifenbianming\thor\framework\web\CBaseController.php(174): CBaseListView->run()
#10 E:\shifenbianming\thor\protected\modules\boss\views\debit\_ajaxListView.php(24): CBaseController->widget('zii.widgets.CLi...', Array)
#11 E:\shifenbianming\thor\framework\web\CBaseController.php(127): require('E:\shifenbianmi...')
#12 E:\shifenbianming\thor\framework\web\CBaseController.php(96): CBaseController->renderInternal('E:\shifenbianmi...', Array, true)
#13 E:\shifenbianming\thor\framework\web\CController.php(870): CBaseController->renderFile('E:\shifenbianmi...', Array, true)
#14 E:\shifenbianming\thor\protected\modules\boss\views\debit\repayList.php(100): CController->renderPartial('_ajaxListView', Array)
#15 E:\shifenbianming\thor\framework\web\CBaseController.php(127): require('E:\shifenbianmi...')
#16 E:\shifenbianming\thor\framework\web\CBaseController.php(96): CBaseController->renderInternal('E:\shifenbianmi...', Array, true)
#17 E:\shifenbianming\thor\framework\web\CController.php(870): CBaseController->renderFile('E:\shifenbianmi...', Array, true)
#18 E:\shifenbianming\thor\framework\web\CController.php(783): CController->renderPartial('repayList', Array, true)
#19 E:\shifenbianming\thor\protected\modules\boss\controllers\DebitController.php(173): CController->render('repayList', Array)
#20 E:\shifenbianming\thor\framework\web\actions\CInlineAction.php(50): DebitController->actionRepayList()
#21 E:\shifenbianming\thor\framework\web\CController.php(309): CInlineAction->runWithParams(Array)
#22 E:\shifenbianming\thor\framework\web\CController.php(287): CController->runAction(Object(CInlineAction))
#23 E:\shifenbianming\thor\framework\web\CController.php(266): CController->runActionWithFilters(Object(CInlineAction), Array)
#24 E:\shifenbianming\thor\framework\web\CWebApplication.php(283): CController->run('repayList')
#25 E:\shifenbianming\thor\framework\web\CWebApplication.php(142): CWebApplication->runController('boss/debit/repa...')
#26 E:\shifenbianming\thor\framework\base\CApplication.php(162): CWebApplication->processRequest()
#27 E:\shifenbianming\thor\index.php(33): CApplication->run()
#28 {main}
REQUEST_URI=/debit/repayList?dateBegin=2013-09-01&dateEnd=2013-11-30&searchCondition=&search=%E6%9F%A5%E8%AF%A2
HTTP_REFERER=http://boss.thor.com/debit/repayList
---
